[INFO ] [2020-07-22 10:40:59] [main] thanhlong.App - Starting App on THANHLONG with PID 10524 (D:\Tai Lieu\BackendProjects\OnlineShopMall\target\classes started by THANHLONG in D:\Tai Lieu\BackendProjects\OnlineShopMall) 
[DEBUG] [2020-07-22 10:40:59] [main] thanhlong.App - Running with Spring Boot v2.3.0.RELEASE, Spring v5.2.6.RELEASE 
[INFO ] [2020-07-22 10:40:59] [main] thanhlong.App - No active profile set, falling back to default profiles: default 
[INFO ] [2020-07-22 10:41:02] [main] configs.DatabseConnectConfiguration - Create connection 
[INFO ] [2020-07-22 10:41:02] [main] configs.DatabseConnectConfiguration - Created connection success 
[INFO ] [2020-07-22 10:41:03] [main] thanhlong.App - Started App in 4.882 seconds (JVM running for 7.193) 
[INFO ] [2020-07-22 10:41:14] [http-nio-8080-exec-1] impl.UserServiceImpl - Get all user complete 
[INFO ] [2020-07-22 11:06:43] [main] thanhlong.App - Starting App on THANHLONG with PID 13044 (D:\Tai Lieu\BackendProjects\OnlineShopMall\target\classes started by THANHLONG in D:\Tai Lieu\BackendProjects\OnlineShopMall) 
[DEBUG] [2020-07-22 11:06:43] [main] thanhlong.App - Running with Spring Boot v2.3.0.RELEASE, Spring v5.2.6.RELEASE 
[INFO ] [2020-07-22 11:06:43] [main] thanhlong.App - No active profile set, falling back to default profiles: default 
[INFO ] [2020-07-22 11:06:45] [main] configs.DatabseConnectConfiguration - Create connection 
[INFO ] [2020-07-22 11:06:45] [main] configs.DatabseConnectConfiguration - Created connection success 
[INFO ] [2020-07-22 11:06:45] [main] thanhlong.App - Started App in 2.256 seconds (JVM running for 3.257) 
[ERROR] [2020-07-22 11:07:13] [http-nio-8080-exec-3] impl.UserServiceImpl - Insert user failed: Exception: Duplicate entry 'admin3@gmail.com' for 'EMAIL' 
[INFO ] [2020-07-22 11:08:42] [main] thanhlong.App - Starting App on THANHLONG with PID 4016 (D:\Tai Lieu\BackendProjects\OnlineShopMall\target\classes started by THANHLONG in D:\Tai Lieu\BackendProjects\OnlineShopMall) 
[DEBUG] [2020-07-22 11:08:42] [main] thanhlong.App - Running with Spring Boot v2.3.0.RELEASE, Spring v5.2.6.RELEASE 
[INFO ] [2020-07-22 11:08:42] [main] thanhlong.App - No active profile set, falling back to default profiles: default 
[INFO ] [2020-07-22 11:08:43] [main] configs.DatabseConnectConfiguration - Create connection 
[INFO ] [2020-07-22 11:08:43] [main] configs.DatabseConnectConfiguration - Created connection success 
[INFO ] [2020-07-22 11:08:44] [main] thanhlong.App - Started App in 2.244 seconds (JVM running for 3.154) 
[INFO ] [2020-07-22 11:09:51] [main] thanhlong.App - Starting App on THANHLONG with PID 9444 (D:\Tai Lieu\BackendProjects\OnlineShopMall\target\classes started by THANHLONG in D:\Tai Lieu\BackendProjects\OnlineShopMall) 
[DEBUG] [2020-07-22 11:09:51] [main] thanhlong.App - Running with Spring Boot v2.3.0.RELEASE, Spring v5.2.6.RELEASE 
[INFO ] [2020-07-22 11:09:51] [main] thanhlong.App - No active profile set, falling back to default profiles: default 
[INFO ] [2020-07-22 11:09:52] [main] configs.DatabseConnectConfiguration - Create connection 
[INFO ] [2020-07-22 11:09:52] [main] configs.DatabseConnectConfiguration - Created connection success 
[INFO ] [2020-07-22 11:09:53] [main] thanhlong.App - Started App in 2.235 seconds (JVM running for 3.192) 
[ERROR] [2020-07-22 11:10:00] [http-nio-8080-exec-4] impl.UserServiceImpl - Insert user failed: Exception: Duplicate entry 'admin3@gmail.com' for 'EMAIL' 
[INFO ] [2020-07-22 11:10:28] [main] thanhlong.App - Starting App on THANHLONG with PID 3476 (D:\Tai Lieu\BackendProjects\OnlineShopMall\target\classes started by THANHLONG in D:\Tai Lieu\BackendProjects\OnlineShopMall) 
[DEBUG] [2020-07-22 11:10:28] [main] thanhlong.App - Running with Spring Boot v2.3.0.RELEASE, Spring v5.2.6.RELEASE 
[INFO ] [2020-07-22 11:10:28] [main] thanhlong.App - No active profile set, falling back to default profiles: default 
[INFO ] [2020-07-22 11:10:29] [main] configs.DatabseConnectConfiguration - Create connection 
[INFO ] [2020-07-22 11:10:29] [main] configs.DatabseConnectConfiguration - Created connection success 
[INFO ] [2020-07-22 11:10:30] [main] thanhlong.App - Started App in 2.225 seconds (JVM running for 3.145) 
[ERROR] [2020-07-22 11:10:34] [http-nio-8080-exec-4] impl.UserServiceImpl - Insert user failed: Exception: Duplicate entry 'admin3@gmail.com' for 'EMAIL' 
[INFO ] [2020-07-22 11:16:44] [main] thanhlong.App - Starting App on THANHLONG with PID 12416 (D:\Tai Lieu\BackendProjects\OnlineShopMall\target\classes started by THANHLONG in D:\Tai Lieu\BackendProjects\OnlineShopMall) 
[DEBUG] [2020-07-22 11:16:44] [main] thanhlong.App - Running with Spring Boot v2.3.0.RELEASE, Spring v5.2.6.RELEASE 
[INFO ] [2020-07-22 11:16:44] [main] thanhlong.App - No active profile set, falling back to default profiles: default 
[INFO ] [2020-07-22 11:16:46] [main] configs.DatabseConnectConfiguration - Create connection 
[INFO ] [2020-07-22 11:16:46] [main] configs.DatabseConnectConfiguration - Created connection success 
[INFO ] [2020-07-22 11:16:46] [main] thanhlong.App - Started App in 2.209 seconds (JVM running for 3.121) 
[ERROR] [2020-07-22 11:16:50] [http-nio-8080-exec-1] impl.UserServiceImpl - Insert user failed: Exception: Duplicate entry 'admin3@gmail.com' for 'EMAIL' 
[INFO ] [2020-07-22 11:17:25] [main] thanhlong.App - Starting App on THANHLONG with PID 11512 (D:\Tai Lieu\BackendProjects\OnlineShopMall\target\classes started by THANHLONG in D:\Tai Lieu\BackendProjects\OnlineShopMall) 
[DEBUG] [2020-07-22 11:17:25] [main] thanhlong.App - Running with Spring Boot v2.3.0.RELEASE, Spring v5.2.6.RELEASE 
[INFO ] [2020-07-22 11:17:25] [main] thanhlong.App - No active profile set, falling back to default profiles: default 
[INFO ] [2020-07-22 11:17:26] [main] configs.DatabseConnectConfiguration - Create connection 
[INFO ] [2020-07-22 11:17:26] [main] configs.DatabseConnectConfiguration - Created connection success 
[INFO ] [2020-07-22 11:17:27] [main] thanhlong.App - Started App in 2.195 seconds (JVM running for 3.168) 
[ERROR] [2020-07-22 11:17:35] [http-nio-8080-exec-1] impl.UserServiceImpl - Insert user failed: Exception: Duplicate entry 'admin3@gmail.com' for 'EMAIL' 
[INFO ] [2020-07-22 11:21:10] [main] thanhlong.App - Starting App on THANHLONG with PID 10720 (D:\Tai Lieu\BackendProjects\OnlineShopMall\target\classes started by THANHLONG in D:\Tai Lieu\BackendProjects\OnlineShopMall) 
[DEBUG] [2020-07-22 11:21:10] [main] thanhlong.App - Running with Spring Boot v2.3.0.RELEASE, Spring v5.2.6.RELEASE 
[INFO ] [2020-07-22 11:21:10] [main] thanhlong.App - No active profile set, falling back to default profiles: default 
[INFO ] [2020-07-22 11:21:12] [main] configs.DatabseConnectConfiguration - Create connection 
[INFO ] [2020-07-22 11:21:12] [main] configs.DatabseConnectConfiguration - Created connection success 
[INFO ] [2020-07-22 11:21:12] [main] thanhlong.App - Started App in 2.2 seconds (JVM running for 3.141) 
[ERROR] [2020-07-22 11:21:17] [http-nio-8080-exec-2] impl.UserServiceImpl - Insert user failed: Exception: Duplicate entry 'admin3@gmail.com' for 'EMAIL' 
[INFO ] [2020-07-22 11:23:05] [main] thanhlong.App - Starting App on THANHLONG with PID 10392 (D:\Tai Lieu\BackendProjects\OnlineShopMall\target\classes started by THANHLONG in D:\Tai Lieu\BackendProjects\OnlineShopMall) 
[DEBUG] [2020-07-22 11:23:05] [main] thanhlong.App - Running with Spring Boot v2.3.0.RELEASE, Spring v5.2.6.RELEASE 
[INFO ] [2020-07-22 11:23:05] [main] thanhlong.App - No active profile set, falling back to default profiles: default 
[INFO ] [2020-07-22 11:23:07] [main] configs.DatabseConnectConfiguration - Create connection 
[INFO ] [2020-07-22 11:23:07] [main] configs.DatabseConnectConfiguration - Created connection success 
[INFO ] [2020-07-22 11:23:07] [main] thanhlong.App - Started App in 2.36 seconds (JVM running for 3.344) 
[ERROR] [2020-07-22 11:23:11] [http-nio-8080-exec-2] impl.UserServiceImpl - Insert user failed: Exception: Duplicate entry 'admin3@gmail.com' for 'EMAIL' 
[INFO ] [2020-07-22 11:25:09] [main] thanhlong.App - Starting App on THANHLONG with PID 15248 (D:\Tai Lieu\BackendProjects\OnlineShopMall\target\classes started by THANHLONG in D:\Tai Lieu\BackendProjects\OnlineShopMall) 
[DEBUG] [2020-07-22 11:25:09] [main] thanhlong.App - Running with Spring Boot v2.3.0.RELEASE, Spring v5.2.6.RELEASE 
[INFO ] [2020-07-22 11:25:09] [main] thanhlong.App - No active profile set, falling back to default profiles: default 
[INFO ] [2020-07-22 11:25:11] [main] configs.DatabseConnectConfiguration - Create connection 
[INFO ] [2020-07-22 11:25:11] [main] configs.DatabseConnectConfiguration - Created connection success 
[INFO ] [2020-07-22 11:25:11] [main] thanhlong.App - Started App in 2.317 seconds (JVM running for 3.29) 
[INFO ] [2020-07-22 11:26:04] [main] thanhlong.App - Starting App on THANHLONG with PID 11976 (D:\Tai Lieu\BackendProjects\OnlineShopMall\target\classes started by THANHLONG in D:\Tai Lieu\BackendProjects\OnlineShopMall) 
[DEBUG] [2020-07-22 11:26:04] [main] thanhlong.App - Running with Spring Boot v2.3.0.RELEASE, Spring v5.2.6.RELEASE 
[INFO ] [2020-07-22 11:26:04] [main] thanhlong.App - No active profile set, falling back to default profiles: default 
[INFO ] [2020-07-22 11:26:05] [main] configs.DatabseConnectConfiguration - Create connection 
[INFO ] [2020-07-22 11:26:05] [main] configs.DatabseConnectConfiguration - Created connection success 
[INFO ] [2020-07-22 11:26:06] [main] thanhlong.App - Started App in 2.15 seconds (JVM running for 3.063) 
[ERROR] [2020-07-22 11:26:21] [http-nio-8080-exec-2] impl.UserServiceImpl - Insert user failed: Exception: Duplicate entry 'admin3@gmail.com' for 'EMAIL' 
[INFO ] [2020-07-22 11:28:04] [main] thanhlong.App - Starting App on THANHLONG with PID 4564 (D:\Tai Lieu\BackendProjects\OnlineShopMall\target\classes started by THANHLONG in D:\Tai Lieu\BackendProjects\OnlineShopMall) 
[DEBUG] [2020-07-22 11:28:04] [main] thanhlong.App - Running with Spring Boot v2.3.0.RELEASE, Spring v5.2.6.RELEASE 
[INFO ] [2020-07-22 11:28:04] [main] thanhlong.App - No active profile set, falling back to default profiles: default 
[INFO ] [2020-07-22 11:28:06] [main] configs.DatabseConnectConfiguration - Create connection 
[INFO ] [2020-07-22 11:28:06] [main] configs.DatabseConnectConfiguration - Created connection success 
[INFO ] [2020-07-22 11:28:07] [main] thanhlong.App - Started App in 2.933 seconds (JVM running for 4.11) 
[ERROR] [2020-07-22 11:28:17] [http-nio-8080-exec-2] impl.UserServiceImpl - Insert user failed: Exception: Duplicate entry 'admin3@gmail.com' for 'EMAIL' 
[ERROR] [2020-07-22 11:28:57] [http-nio-8080-exec-3] impl.UserServiceImpl - Insert user failed: Exception: Duplicate entry 'admin3@gmail.com' for 'EMAIL' 
[INFO ] [2020-07-22 11:29:36] [main] thanhlong.App - Starting App on THANHLONG with PID 9224 (D:\Tai Lieu\BackendProjects\OnlineShopMall\target\classes started by THANHLONG in D:\Tai Lieu\BackendProjects\OnlineShopMall) 
[DEBUG] [2020-07-22 11:29:36] [main] thanhlong.App - Running with Spring Boot v2.3.0.RELEASE, Spring v5.2.6.RELEASE 
[INFO ] [2020-07-22 11:29:36] [main] thanhlong.App - No active profile set, falling back to default profiles: default 
[INFO ] [2020-07-22 11:29:38] [main] configs.DatabseConnectConfiguration - Create connection 
[INFO ] [2020-07-22 11:29:38] [main] configs.DatabseConnectConfiguration - Created connection success 
[INFO ] [2020-07-22 11:29:38] [main] thanhlong.App - Started App in 2.17 seconds (JVM running for 3.072) 
[INFO ] [2020-07-22 11:37:15] [main] thanhlong.App - Starting App on THANHLONG with PID 6156 (D:\Tai Lieu\BackendProjects\OnlineShopMall\target\classes started by THANHLONG in D:\Tai Lieu\BackendProjects\OnlineShopMall) 
[DEBUG] [2020-07-22 11:37:15] [main] thanhlong.App - Running with Spring Boot v2.3.0.RELEASE, Spring v5.2.6.RELEASE 
[INFO ] [2020-07-22 11:37:15] [main] thanhlong.App - No active profile set, falling back to default profiles: default 
[INFO ] [2020-07-22 11:37:16] [main] configs.DatabseConnectConfiguration - Create connection 
[INFO ] [2020-07-22 11:37:16] [main] configs.DatabseConnectConfiguration - Created connection success 
[INFO ] [2020-07-22 11:37:16] [main] thanhlong.App - Started App in 2.253 seconds (JVM running for 3.231) 
[ERROR] [2020-07-22 11:37:20] [http-nio-8080-exec-1] impl.UserServiceImpl - Update user failed: Exception: Duplicate entry 'admin3@gmail.com' for 'EMAIL' 
[INFO ] [2020-07-22 11:38:15] [main] thanhlong.App - Starting App on THANHLONG with PID 10168 (D:\Tai Lieu\BackendProjects\OnlineShopMall\target\classes started by THANHLONG in D:\Tai Lieu\BackendProjects\OnlineShopMall) 
[DEBUG] [2020-07-22 11:38:15] [main] thanhlong.App - Running with Spring Boot v2.3.0.RELEASE, Spring v5.2.6.RELEASE 
[INFO ] [2020-07-22 11:38:15] [main] thanhlong.App - No active profile set, falling back to default profiles: default 
[INFO ] [2020-07-22 11:38:16] [main] configs.DatabseConnectConfiguration - Create connection 
[INFO ] [2020-07-22 11:38:16] [main] configs.DatabseConnectConfiguration - Created connection success 
[INFO ] [2020-07-22 11:38:17] [main] thanhlong.App - Started App in 2.262 seconds (JVM running for 3.175) 
[INFO ] [2020-07-22 11:38:20] [http-nio-8080-exec-1] impl.UserReposioryImpl - Update user failed. Exception: org.jooq.exception.DataAccessException: SQL [update `onlineshopmall`.`user` set `onlineshopmall`.`user`.`username` = ?, `onlineshopmall`.`user`.`hash_value` = ?, `onlineshopmall`.`user`.`salt` = ?, `onlineshopmall`.`user`.`full_name` = ?, `onlineshopmall`.`user`.`gender` = ?, `onlineshopmall`.`user`.`email` = ?, `onlineshopmall`.`user`.`phone` = ?, `onlineshopmall`.`user`.`date_create` = ?]; Column 'date_create' cannot be null 
