[INFO ] [2020-07-12 20:34:49] [main] thanhlong.App - Starting App on THANHLONG with PID 13076 (D:\Tai Lieu\BackendProjects\OnlineShopMall\target\classes started by THANHLONG in D:\Tai Lieu\BackendProjects\OnlineShopMall) 
[DEBUG] [2020-07-12 20:34:49] [main] thanhlong.App - Running with Spring Boot v2.3.0.RELEASE, Spring v5.2.6.RELEASE 
[INFO ] [2020-07-12 20:34:49] [main] thanhlong.App - No active profile set, falling back to default profiles: default 
[INFO ] [2020-07-12 20:34:50] [main] configs.DatabseConnectConfiguration - Create connection 
[INFO ] [2020-07-12 20:34:50] [main] configs.DatabseConnectConfiguration - Created connection success 
[INFO ] [2020-07-12 20:34:51] [main] thanhlong.App - Started App in 2.963 seconds (JVM running for 4.049) 
[INFO ] [2020-07-12 20:36:51] [main] thanhlong.App - Starting App on THANHLONG with PID 444 (D:\Tai Lieu\BackendProjects\OnlineShopMall\target\classes started by THANHLONG in D:\Tai Lieu\BackendProjects\OnlineShopMall) 
[DEBUG] [2020-07-12 20:36:51] [main] thanhlong.App - Running with Spring Boot v2.3.0.RELEASE, Spring v5.2.6.RELEASE 
[INFO ] [2020-07-12 20:36:51] [main] thanhlong.App - No active profile set, falling back to default profiles: default 
[INFO ] [2020-07-12 20:36:53] [main] configs.DatabseConnectConfiguration - Create connection 
[INFO ] [2020-07-12 20:36:53] [main] configs.DatabseConnectConfiguration - Created connection success 
[INFO ] [2020-07-12 20:36:53] [main] thanhlong.App - Started App in 2.271 seconds (JVM running for 3.282) 
[INFO ] [2020-07-12 20:37:15] [http-nio-8080-exec-1] repositories.UserReposioryImpl - Detele user failed. Exception: java.lang.NullPointerException 
[INFO ] [2020-07-12 20:40:50] [main] thanhlong.App - Starting App on THANHLONG with PID 2068 (D:\Tai Lieu\BackendProjects\OnlineShopMall\target\classes started by THANHLONG in D:\Tai Lieu\BackendProjects\OnlineShopMall) 
[DEBUG] [2020-07-12 20:40:50] [main] thanhlong.App - Running with Spring Boot v2.3.0.RELEASE, Spring v5.2.6.RELEASE 
[INFO ] [2020-07-12 20:40:50] [main] thanhlong.App - No active profile set, falling back to default profiles: default 
[INFO ] [2020-07-12 20:40:51] [main] configs.DatabseConnectConfiguration - Create connection 
[INFO ] [2020-07-12 20:40:51] [main] configs.DatabseConnectConfiguration - Created connection success 
[INFO ] [2020-07-12 20:40:52] [main] thanhlong.App - Started App in 2.274 seconds (JVM running for 3.188) 
[INFO ] [2020-07-12 20:40:57] [http-nio-8080-exec-1] repositories.UserReposioryImpl - Insert user success 
[INFO ] [2020-07-12 20:51:21] [main] thanhlong.App - Starting App on THANHLONG with PID 8136 (D:\Tai Lieu\BackendProjects\OnlineShopMall\target\classes started by THANHLONG in D:\Tai Lieu\BackendProjects\OnlineShopMall) 
[DEBUG] [2020-07-12 20:51:21] [main] thanhlong.App - Running with Spring Boot v2.3.0.RELEASE, Spring v5.2.6.RELEASE 
[INFO ] [2020-07-12 20:51:21] [main] thanhlong.App - No active profile set, falling back to default profiles: default 
[INFO ] [2020-07-12 20:51:23] [main] configs.DatabseConnectConfiguration - Create connection 
[INFO ] [2020-07-12 20:51:23] [main] configs.DatabseConnectConfiguration - Created connection success 
[INFO ] [2020-07-12 20:51:23] [main] thanhlong.App - Started App in 2.238 seconds (JVM running for 3.156) 
[INFO ] [2020-07-12 20:53:37] [main] thanhlong.App - Starting App on THANHLONG with PID 4936 (D:\Tai Lieu\BackendProjects\OnlineShopMall\target\classes started by THANHLONG in D:\Tai Lieu\BackendProjects\OnlineShopMall) 
[DEBUG] [2020-07-12 20:53:37] [main] thanhlong.App - Running with Spring Boot v2.3.0.RELEASE, Spring v5.2.6.RELEASE 
[INFO ] [2020-07-12 20:53:37] [main] thanhlong.App - No active profile set, falling back to default profiles: default 
[INFO ] [2020-07-12 20:53:38] [main] configs.DatabseConnectConfiguration - Create connection 
[INFO ] [2020-07-12 20:53:38] [main] configs.DatabseConnectConfiguration - Created connection success 
[INFO ] [2020-07-12 20:53:39] [main] thanhlong.App - Started App in 2.175 seconds (JVM running for 3.162) 
[INFO ] [2020-07-12 20:58:49] [main] thanhlong.App - Starting App on THANHLONG with PID 12780 (D:\Tai Lieu\BackendProjects\OnlineShopMall\target\classes started by THANHLONG in D:\Tai Lieu\BackendProjects\OnlineShopMall) 
[DEBUG] [2020-07-12 20:58:49] [main] thanhlong.App - Running with Spring Boot v2.3.0.RELEASE, Spring v5.2.6.RELEASE 
[INFO ] [2020-07-12 20:58:49] [main] thanhlong.App - No active profile set, falling back to default profiles: default 
[INFO ] [2020-07-12 20:58:50] [main] configs.DatabseConnectConfiguration - Create connection 
[INFO ] [2020-07-12 20:58:50] [main] configs.DatabseConnectConfiguration - Created connection success 
[INFO ] [2020-07-12 20:58:51] [main] thanhlong.App - Started App in 2.252 seconds (JVM running for 3.186) 
[INFO ] [2020-07-12 20:59:16] [main] thanhlong.App - Starting App on THANHLONG with PID 5028 (D:\Tai Lieu\BackendProjects\OnlineShopMall\target\classes started by THANHLONG in D:\Tai Lieu\BackendProjects\OnlineShopMall) 
[DEBUG] [2020-07-12 20:59:16] [main] thanhlong.App - Running with Spring Boot v2.3.0.RELEASE, Spring v5.2.6.RELEASE 
[INFO ] [2020-07-12 20:59:16] [main] thanhlong.App - No active profile set, falling back to default profiles: default 
[INFO ] [2020-07-12 20:59:18] [main] configs.DatabseConnectConfiguration - Create connection 
[INFO ] [2020-07-12 20:59:18] [main] configs.DatabseConnectConfiguration - Created connection success 
[INFO ] [2020-07-12 20:59:18] [main] thanhlong.App - Started App in 2.268 seconds (JVM running for 3.172) 
[INFO ] [2020-07-12 21:03:54] [main] thanhlong.App - Starting App on THANHLONG with PID 11988 (D:\Tai Lieu\BackendProjects\OnlineShopMall\target\classes started by THANHLONG in D:\Tai Lieu\BackendProjects\OnlineShopMall) 
[DEBUG] [2020-07-12 21:03:54] [main] thanhlong.App - Running with Spring Boot v2.3.0.RELEASE, Spring v5.2.6.RELEASE 
[INFO ] [2020-07-12 21:03:54] [main] thanhlong.App - No active profile set, falling back to default profiles: default 
[INFO ] [2020-07-12 21:03:55] [main] configs.DatabseConnectConfiguration - Create connection 
[INFO ] [2020-07-12 21:03:55] [main] configs.DatabseConnectConfiguration - Created connection success 
[INFO ] [2020-07-12 21:03:56] [main] thanhlong.App - Started App in 2.49 seconds (JVM running for 3.436) 
